<?xml version="1.0" encoding="UTF-8"?>
<testsuite xmlns:xsi="http://www.w3.org/2001/XMLSchema-instance" xsi:noNamespaceSchemaLocation="https://maven.apache.org/surefire/maven-surefire-plugin/xsd/surefire-test-report.xsd" version="3.0.2" name="com.talant.bootcamp.booksservice.controller.BookControllerTest" time="0.785" tests="21" errors="0" skipped="0" failures="0">
  <properties>
    <property name="java.specification.version" value="21"/>
    <property name="sun.jnu.encoding" value="UTF-8"/>
    <property name="java.class.path" value="/Users/davidbolet/development/TDD_Course/Sessions/Sesion05_BookService/target/test-classes:/Users/davidbolet/development/TDD_Course/Sessions/Sesion05_BookService/target/classes:/Users/davidbolet/.m2/repository/org/springframework/boot/spring-boot-starter-web/3.5.3/spring-boot-starter-web-3.5.3.jar:/Users/davidbolet/.m2/repository/org/springframework/boot/spring-boot-starter/3.5.3/spring-boot-starter-3.5.3.jar:/Users/davidbolet/.m2/repository/org/springframework/boot/spring-boot/3.5.3/spring-boot-3.5.3.jar:/Users/davidbolet/.m2/repository/org/springframework/boot/spring-boot-autoconfigure/3.5.3/spring-boot-autoconfigure-3.5.3.jar:/Users/davidbolet/.m2/repository/org/springframework/boot/spring-boot-starter-logging/3.5.3/spring-boot-starter-logging-3.5.3.jar:/Users/davidbolet/.m2/repository/ch/qos/logback/logback-classic/1.5.18/logback-classic-1.5.18.jar:/Users/davidbolet/.m2/repository/ch/qos/logback/logback-core/1.5.18/logback-core-1.5.18.jar:/Users/davidbolet/.m2/repository/org/apache/logging/log4j/log4j-to-slf4j/2.24.3/log4j-to-slf4j-2.24.3.jar:/Users/davidbolet/.m2/repository/org/apache/logging/log4j/log4j-api/2.24.3/log4j-api-2.24.3.jar:/Users/davidbolet/.m2/repository/org/slf4j/jul-to-slf4j/2.0.17/jul-to-slf4j-2.0.17.jar:/Users/davidbolet/.m2/repository/jakarta/annotation/jakarta.annotation-api/2.1.1/jakarta.annotation-api-2.1.1.jar:/Users/davidbolet/.m2/repository/org/yaml/snakeyaml/2.4/snakeyaml-2.4.jar:/Users/davidbolet/.m2/repository/org/springframework/boot/spring-boot-starter-json/3.5.3/spring-boot-starter-json-3.5.3.jar:/Users/davidbolet/.m2/repository/com/fasterxml/jackson/core/jackson-databind/2.19.1/jackson-databind-2.19.1.jar:/Users/davidbolet/.m2/repository/com/fasterxml/jackson/core/jackson-annotations/2.19.1/jackson-annotations-2.19.1.jar:/Users/davidbolet/.m2/repository/com/fasterxml/jackson/core/jackson-core/2.19.1/jackson-core-2.19.1.jar:/Users/davidbolet/.m2/repository/com/fasterxml/jackson/datatype/jackson-datatype-jdk8/2.19.1/jackson-datatype-jdk8-2.19.1.jar:/Users/davidbolet/.m2/repository/com/fasterxml/jackson/datatype/jackson-datatype-jsr310/2.19.1/jackson-datatype-jsr310-2.19.1.jar:/Users/davidbolet/.m2/repository/com/fasterxml/jackson/module/jackson-module-parameter-names/2.19.1/jackson-module-parameter-names-2.19.1.jar:/Users/davidbolet/.m2/repository/org/springframework/boot/spring-boot-starter-tomcat/3.5.3/spring-boot-starter-tomcat-3.5.3.jar:/Users/davidbolet/.m2/repository/org/apache/tomcat/embed/tomcat-embed-core/10.1.42/tomcat-embed-core-10.1.42.jar:/Users/davidbolet/.m2/repository/org/apache/tomcat/embed/tomcat-embed-websocket/10.1.42/tomcat-embed-websocket-10.1.42.jar:/Users/davidbolet/.m2/repository/org/springframework/spring-web/6.2.8/spring-web-6.2.8.jar:/Users/davidbolet/.m2/repository/org/springframework/spring-beans/6.2.8/spring-beans-6.2.8.jar:/Users/davidbolet/.m2/repository/io/micrometer/micrometer-observation/1.15.1/micrometer-observation-1.15.1.jar:/Users/davidbolet/.m2/repository/io/micrometer/micrometer-commons/1.15.1/micrometer-commons-1.15.1.jar:/Users/davidbolet/.m2/repository/org/springframework/spring-webmvc/6.2.8/spring-webmvc-6.2.8.jar:/Users/davidbolet/.m2/repository/org/springframework/spring-aop/6.2.8/spring-aop-6.2.8.jar:/Users/davidbolet/.m2/repository/org/springframework/spring-context/6.2.8/spring-context-6.2.8.jar:/Users/davidbolet/.m2/repository/org/springframework/spring-expression/6.2.8/spring-expression-6.2.8.jar:/Users/davidbolet/.m2/repository/org/springframework/boot/spring-boot-starter-data-jpa/3.5.3/spring-boot-starter-data-jpa-3.5.3.jar:/Users/davidbolet/.m2/repository/org/springframework/boot/spring-boot-starter-jdbc/3.5.3/spring-boot-starter-jdbc-3.5.3.jar:/Users/davidbolet/.m2/repository/com/zaxxer/HikariCP/6.3.0/HikariCP-6.3.0.jar:/Users/davidbolet/.m2/repository/org/springframework/spring-jdbc/6.2.8/spring-jdbc-6.2.8.jar:/Users/davidbolet/.m2/repository/org/hibernate/orm/hibernate-core/6.6.18.Final/hibernate-core-6.6.18.Final.jar:/Users/davidbolet/.m2/repository/jakarta/persistence/jakarta.persistence-api/3.1.0/jakarta.persistence-api-3.1.0.jar:/Users/davidbolet/.m2/repository/jakarta/transaction/jakarta.transaction-api/2.0.1/jakarta.transaction-api-2.0.1.jar:/Users/davidbolet/.m2/repository/org/jboss/logging/jboss-logging/3.6.1.Final/jboss-logging-3.6.1.Final.jar:/Users/davidbolet/.m2/repository/org/hibernate/common/hibernate-commons-annotations/7.0.3.Final/hibernate-commons-annotations-7.0.3.Final.jar:/Users/davidbolet/.m2/repository/io/smallrye/jandex/3.2.0/jandex-3.2.0.jar:/Users/davidbolet/.m2/repository/com/fasterxml/classmate/1.7.0/classmate-1.7.0.jar:/Users/davidbolet/.m2/repository/org/glassfish/jaxb/jaxb-runtime/4.0.5/jaxb-runtime-4.0.5.jar:/Users/davidbolet/.m2/repository/org/glassfish/jaxb/jaxb-core/4.0.5/jaxb-core-4.0.5.jar:/Users/davidbolet/.m2/repository/org/eclipse/angus/angus-activation/2.0.2/angus-activation-2.0.2.jar:/Users/davidbolet/.m2/repository/org/glassfish/jaxb/txw2/4.0.5/txw2-4.0.5.jar:/Users/davidbolet/.m2/repository/com/sun/istack/istack-commons-runtime/4.1.2/istack-commons-runtime-4.1.2.jar:/Users/davidbolet/.m2/repository/jakarta/inject/jakarta.inject-api/2.0.1/jakarta.inject-api-2.0.1.jar:/Users/davidbolet/.m2/repository/org/antlr/antlr4-runtime/4.13.0/antlr4-runtime-4.13.0.jar:/Users/davidbolet/.m2/repository/org/springframework/data/spring-data-jpa/3.5.1/spring-data-jpa-3.5.1.jar:/Users/davidbolet/.m2/repository/org/springframework/data/spring-data-commons/3.5.1/spring-data-commons-3.5.1.jar:/Users/davidbolet/.m2/repository/org/springframework/spring-orm/6.2.8/spring-orm-6.2.8.jar:/Users/davidbolet/.m2/repository/org/springframework/spring-tx/6.2.8/spring-tx-6.2.8.jar:/Users/davidbolet/.m2/repository/org/slf4j/slf4j-api/2.0.17/slf4j-api-2.0.17.jar:/Users/davidbolet/.m2/repository/org/springframework/spring-aspects/6.2.8/spring-aspects-6.2.8.jar:/Users/davidbolet/.m2/repository/org/aspectj/aspectjweaver/1.9.24/aspectjweaver-1.9.24.jar:/Users/davidbolet/.m2/repository/org/springframework/boot/spring-boot-starter-validation/3.5.3/spring-boot-starter-validation-3.5.3.jar:/Users/davidbolet/.m2/repository/org/apache/tomcat/embed/tomcat-embed-el/10.1.42/tomcat-embed-el-10.1.42.jar:/Users/davidbolet/.m2/repository/org/hibernate/validator/hibernate-validator/8.0.2.Final/hibernate-validator-8.0.2.Final.jar:/Users/davidbolet/.m2/repository/jakarta/validation/jakarta.validation-api/3.0.2/jakarta.validation-api-3.0.2.jar:/Users/davidbolet/.m2/repository/com/h2database/h2/2.3.232/h2-2.3.232.jar:/Users/davidbolet/.m2/repository/org/springframework/boot/spring-boot-starter-test/3.5.3/spring-boot-starter-test-3.5.3.jar:/Users/davidbolet/.m2/repository/org/springframework/boot/spring-boot-test/3.5.3/spring-boot-test-3.5.3.jar:/Users/davidbolet/.m2/repository/org/springframework/boot/spring-boot-test-autoconfigure/3.5.3/spring-boot-test-autoconfigure-3.5.3.jar:/Users/davidbolet/.m2/repository/com/jayway/jsonpath/json-path/2.9.0/json-path-2.9.0.jar:/Users/davidbolet/.m2/repository/jakarta/xml/bind/jakarta.xml.bind-api/4.0.2/jakarta.xml.bind-api-4.0.2.jar:/Users/davidbolet/.m2/repository/jakarta/activation/jakarta.activation-api/2.1.3/jakarta.activation-api-2.1.3.jar:/Users/davidbolet/.m2/repository/net/minidev/json-smart/2.5.2/json-smart-2.5.2.jar:/Users/davidbolet/.m2/repository/net/minidev/accessors-smart/2.5.2/accessors-smart-2.5.2.jar:/Users/davidbolet/.m2/repository/org/ow2/asm/asm/9.7.1/asm-9.7.1.jar:/Users/davidbolet/.m2/repository/org/awaitility/awaitility/4.2.2/awaitility-4.2.2.jar:/Users/davidbolet/.m2/repository/org/hamcrest/hamcrest/3.0/hamcrest-3.0.jar:/Users/davidbolet/.m2/repository/org/junit/jupiter/junit-jupiter/5.12.2/junit-jupiter-5.12.2.jar:/Users/davidbolet/.m2/repository/org/junit/jupiter/junit-jupiter-params/5.12.2/junit-jupiter-params-5.12.2.jar:/Users/davidbolet/.m2/repository/org/junit/jupiter/junit-jupiter-engine/5.12.2/junit-jupiter-engine-5.12.2.jar:/Users/davidbolet/.m2/repository/org/junit/platform/junit-platform-engine/1.12.2/junit-platform-engine-1.12.2.jar:/Users/davidbolet/.m2/repository/org/skyscreamer/jsonassert/1.5.3/jsonassert-1.5.3.jar:/Users/davidbolet/.m2/repository/com/vaadin/external/google/android-json/0.0.20131108.vaadin1/android-json-0.0.20131108.vaadin1.jar:/Users/davidbolet/.m2/repository/org/springframework/spring-core/6.2.8/spring-core-6.2.8.jar:/Users/davidbolet/.m2/repository/org/springframework/spring-jcl/6.2.8/spring-jcl-6.2.8.jar:/Users/davidbolet/.m2/repository/org/springframework/spring-test/6.2.8/spring-test-6.2.8.jar:/Users/davidbolet/.m2/repository/org/xmlunit/xmlunit-core/2.10.2/xmlunit-core-2.10.2.jar:/Users/davidbolet/.m2/repository/org/assertj/assertj-core/3.27.3/assertj-core-3.27.3.jar:/Users/davidbolet/.m2/repository/net/bytebuddy/byte-buddy/1.17.6/byte-buddy-1.17.6.jar:/Users/davidbolet/.m2/repository/org/mockito/mockito-core/5.17.0/mockito-core-5.17.0.jar:/Users/davidbolet/.m2/repository/net/bytebuddy/byte-buddy-agent/1.17.6/byte-buddy-agent-1.17.6.jar:/Users/davidbolet/.m2/repository/org/objenesis/objenesis/3.3/objenesis-3.3.jar:/Users/davidbolet/.m2/repository/org/mockito/mockito-junit-jupiter/5.17.0/mockito-junit-jupiter-5.17.0.jar:/Users/davidbolet/.m2/repository/org/junit/jupiter/junit-jupiter-api/5.12.2/junit-jupiter-api-5.12.2.jar:/Users/davidbolet/.m2/repository/org/opentest4j/opentest4j/1.3.0/opentest4j-1.3.0.jar:/Users/davidbolet/.m2/repository/org/junit/platform/junit-platform-commons/1.12.2/junit-platform-commons-1.12.2.jar:/Users/davidbolet/.m2/repository/org/apiguardian/apiguardian-api/1.1.2/apiguardian-api-1.1.2.jar:/Users/davidbolet/.m2/repository/io/rest-assured/rest-assured/5.5.5/rest-assured-5.5.5.jar:/Users/davidbolet/.m2/repository/org/apache/groovy/groovy/4.0.27/groovy-4.0.27.jar:/Users/davidbolet/.m2/repository/org/apache/groovy/groovy-xml/4.0.27/groovy-xml-4.0.27.jar:/Users/davidbolet/.m2/repository/org/apache/httpcomponents/httpclient/4.5.13/httpclient-4.5.13.jar:/Users/davidbolet/.m2/repository/org/apache/httpcomponents/httpcore/4.4.16/httpcore-4.4.16.jar:/Users/davidbolet/.m2/repository/commons-logging/commons-logging/1.2/commons-logging-1.2.jar:/Users/davidbolet/.m2/repository/commons-codec/commons-codec/1.18.0/commons-codec-1.18.0.jar:/Users/davidbolet/.m2/repository/org/apache/httpcomponents/httpmime/4.5.13/httpmime-4.5.13.jar:/Users/davidbolet/.m2/repository/org/ccil/cowan/tagsoup/tagsoup/1.2.1/tagsoup-1.2.1.jar:/Users/davidbolet/.m2/repository/io/rest-assured/json-path/5.5.5/json-path-5.5.5.jar:/Users/davidbolet/.m2/repository/org/apache/groovy/groovy-json/4.0.27/groovy-json-4.0.27.jar:/Users/davidbolet/.m2/repository/io/rest-assured/rest-assured-common/5.5.5/rest-assured-common-5.5.5.jar:/Users/davidbolet/.m2/repository/io/rest-assured/xml-path/5.5.5/xml-path-5.5.5.jar:/Users/davidbolet/.m2/repository/org/apache/commons/commons-lang3/3.17.0/commons-lang3-3.17.0.jar:"/>
    <property name="java.vm.vendor" value="Homebrew"/>
    <property name="sun.arch.data.model" value="64"/>
    <property name="java.vendor.url" value="https://github.com/Homebrew/homebrew-core/issues"/>
    <property name="catalina.useNaming" value="false"/>
    <property name="user.timezone" value="Europe/Madrid"/>
    <property name="org.jboss.logging.provider" value="slf4j"/>
    <property name="os.name" value="Mac OS X"/>
    <property name="java.vm.specification.version" value="21"/>
    <property name="APPLICATION_NAME" value="demoservice"/>
    <property name="sun.java.launcher" value="SUN_STANDARD"/>
    <property name="user.country" value="ES"/>
    <property name="sun.boot.library.path" value="/opt/homebrew/Cellar/openjdk@21/21.0.7/libexec/openjdk.jdk/Contents/Home/lib"/>
    <property name="sun.java.command" value="/Users/davidbolet/development/TDD_Course/Sessions/Sesion05_BookService/target/surefire/surefirebooter-20250718080509099_3.jar /Users/davidbolet/development/TDD_Course/Sessions/Sesion05_BookService/target/surefire 2025-07-18T08-05-09_054-jvmRun1 surefire-20250718080509099_1tmp surefire_0-20250718080509099_2tmp"/>
    <property name="jdk.debug" value="release"/>
    <property name="surefire.test.class.path" value="/Users/davidbolet/development/TDD_Course/Sessions/Sesion05_BookService/target/test-classes:/Users/davidbolet/development/TDD_Course/Sessions/Sesion05_BookService/target/classes:/Users/davidbolet/.m2/repository/org/springframework/boot/spring-boot-starter-web/3.5.3/spring-boot-starter-web-3.5.3.jar:/Users/davidbolet/.m2/repository/org/springframework/boot/spring-boot-starter/3.5.3/spring-boot-starter-3.5.3.jar:/Users/davidbolet/.m2/repository/org/springframework/boot/spring-boot/3.5.3/spring-boot-3.5.3.jar:/Users/davidbolet/.m2/repository/org/springframework/boot/spring-boot-autoconfigure/3.5.3/spring-boot-autoconfigure-3.5.3.jar:/Users/davidbolet/.m2/repository/org/springframework/boot/spring-boot-starter-logging/3.5.3/spring-boot-starter-logging-3.5.3.jar:/Users/davidbolet/.m2/repository/ch/qos/logback/logback-classic/1.5.18/logback-classic-1.5.18.jar:/Users/davidbolet/.m2/repository/ch/qos/logback/logback-core/1.5.18/logback-core-1.5.18.jar:/Users/davidbolet/.m2/repository/org/apache/logging/log4j/log4j-to-slf4j/2.24.3/log4j-to-slf4j-2.24.3.jar:/Users/davidbolet/.m2/repository/org/apache/logging/log4j/log4j-api/2.24.3/log4j-api-2.24.3.jar:/Users/davidbolet/.m2/repository/org/slf4j/jul-to-slf4j/2.0.17/jul-to-slf4j-2.0.17.jar:/Users/davidbolet/.m2/repository/jakarta/annotation/jakarta.annotation-api/2.1.1/jakarta.annotation-api-2.1.1.jar:/Users/davidbolet/.m2/repository/org/yaml/snakeyaml/2.4/snakeyaml-2.4.jar:/Users/davidbolet/.m2/repository/org/springframework/boot/spring-boot-starter-json/3.5.3/spring-boot-starter-json-3.5.3.jar:/Users/davidbolet/.m2/repository/com/fasterxml/jackson/core/jackson-databind/2.19.1/jackson-databind-2.19.1.jar:/Users/davidbolet/.m2/repository/com/fasterxml/jackson/core/jackson-annotations/2.19.1/jackson-annotations-2.19.1.jar:/Users/davidbolet/.m2/repository/com/fasterxml/jackson/core/jackson-core/2.19.1/jackson-core-2.19.1.jar:/Users/davidbolet/.m2/repository/com/fasterxml/jackson/datatype/jackson-datatype-jdk8/2.19.1/jackson-datatype-jdk8-2.19.1.jar:/Users/davidbolet/.m2/repository/com/fasterxml/jackson/datatype/jackson-datatype-jsr310/2.19.1/jackson-datatype-jsr310-2.19.1.jar:/Users/davidbolet/.m2/repository/com/fasterxml/jackson/module/jackson-module-parameter-names/2.19.1/jackson-module-parameter-names-2.19.1.jar:/Users/davidbolet/.m2/repository/org/springframework/boot/spring-boot-starter-tomcat/3.5.3/spring-boot-starter-tomcat-3.5.3.jar:/Users/davidbolet/.m2/repository/org/apache/tomcat/embed/tomcat-embed-core/10.1.42/tomcat-embed-core-10.1.42.jar:/Users/davidbolet/.m2/repository/org/apache/tomcat/embed/tomcat-embed-websocket/10.1.42/tomcat-embed-websocket-10.1.42.jar:/Users/davidbolet/.m2/repository/org/springframework/spring-web/6.2.8/spring-web-6.2.8.jar:/Users/davidbolet/.m2/repository/org/springframework/spring-beans/6.2.8/spring-beans-6.2.8.jar:/Users/davidbolet/.m2/repository/io/micrometer/micrometer-observation/1.15.1/micrometer-observation-1.15.1.jar:/Users/davidbolet/.m2/repository/io/micrometer/micrometer-commons/1.15.1/micrometer-commons-1.15.1.jar:/Users/davidbolet/.m2/repository/org/springframework/spring-webmvc/6.2.8/spring-webmvc-6.2.8.jar:/Users/davidbolet/.m2/repository/org/springframework/spring-aop/6.2.8/spring-aop-6.2.8.jar:/Users/davidbolet/.m2/repository/org/springframework/spring-context/6.2.8/spring-context-6.2.8.jar:/Users/davidbolet/.m2/repository/org/springframework/spring-expression/6.2.8/spring-expression-6.2.8.jar:/Users/davidbolet/.m2/repository/org/springframework/boot/spring-boot-starter-data-jpa/3.5.3/spring-boot-starter-data-jpa-3.5.3.jar:/Users/davidbolet/.m2/repository/org/springframework/boot/spring-boot-starter-jdbc/3.5.3/spring-boot-starter-jdbc-3.5.3.jar:/Users/davidbolet/.m2/repository/com/zaxxer/HikariCP/6.3.0/HikariCP-6.3.0.jar:/Users/davidbolet/.m2/repository/org/springframework/spring-jdbc/6.2.8/spring-jdbc-6.2.8.jar:/Users/davidbolet/.m2/repository/org/hibernate/orm/hibernate-core/6.6.18.Final/hibernate-core-6.6.18.Final.jar:/Users/davidbolet/.m2/repository/jakarta/persistence/jakarta.persistence-api/3.1.0/jakarta.persistence-api-3.1.0.jar:/Users/davidbolet/.m2/repository/jakarta/transaction/jakarta.transaction-api/2.0.1/jakarta.transaction-api-2.0.1.jar:/Users/davidbolet/.m2/repository/org/jboss/logging/jboss-logging/3.6.1.Final/jboss-logging-3.6.1.Final.jar:/Users/davidbolet/.m2/repository/org/hibernate/common/hibernate-commons-annotations/7.0.3.Final/hibernate-commons-annotations-7.0.3.Final.jar:/Users/davidbolet/.m2/repository/io/smallrye/jandex/3.2.0/jandex-3.2.0.jar:/Users/davidbolet/.m2/repository/com/fasterxml/classmate/1.7.0/classmate-1.7.0.jar:/Users/davidbolet/.m2/repository/org/glassfish/jaxb/jaxb-runtime/4.0.5/jaxb-runtime-4.0.5.jar:/Users/davidbolet/.m2/repository/org/glassfish/jaxb/jaxb-core/4.0.5/jaxb-core-4.0.5.jar:/Users/davidbolet/.m2/repository/org/eclipse/angus/angus-activation/2.0.2/angus-activation-2.0.2.jar:/Users/davidbolet/.m2/repository/org/glassfish/jaxb/txw2/4.0.5/txw2-4.0.5.jar:/Users/davidbolet/.m2/repository/com/sun/istack/istack-commons-runtime/4.1.2/istack-commons-runtime-4.1.2.jar:/Users/davidbolet/.m2/repository/jakarta/inject/jakarta.inject-api/2.0.1/jakarta.inject-api-2.0.1.jar:/Users/davidbolet/.m2/repository/org/antlr/antlr4-runtime/4.13.0/antlr4-runtime-4.13.0.jar:/Users/davidbolet/.m2/repository/org/springframework/data/spring-data-jpa/3.5.1/spring-data-jpa-3.5.1.jar:/Users/davidbolet/.m2/repository/org/springframework/data/spring-data-commons/3.5.1/spring-data-commons-3.5.1.jar:/Users/davidbolet/.m2/repository/org/springframework/spring-orm/6.2.8/spring-orm-6.2.8.jar:/Users/davidbolet/.m2/repository/org/springframework/spring-tx/6.2.8/spring-tx-6.2.8.jar:/Users/davidbolet/.m2/repository/org/slf4j/slf4j-api/2.0.17/slf4j-api-2.0.17.jar:/Users/davidbolet/.m2/repository/org/springframework/spring-aspects/6.2.8/spring-aspects-6.2.8.jar:/Users/davidbolet/.m2/repository/org/aspectj/aspectjweaver/1.9.24/aspectjweaver-1.9.24.jar:/Users/davidbolet/.m2/repository/org/springframework/boot/spring-boot-starter-validation/3.5.3/spring-boot-starter-validation-3.5.3.jar:/Users/davidbolet/.m2/repository/org/apache/tomcat/embed/tomcat-embed-el/10.1.42/tomcat-embed-el-10.1.42.jar:/Users/davidbolet/.m2/repository/org/hibernate/validator/hibernate-validator/8.0.2.Final/hibernate-validator-8.0.2.Final.jar:/Users/davidbolet/.m2/repository/jakarta/validation/jakarta.validation-api/3.0.2/jakarta.validation-api-3.0.2.jar:/Users/davidbolet/.m2/repository/com/h2database/h2/2.3.232/h2-2.3.232.jar:/Users/davidbolet/.m2/repository/org/springframework/boot/spring-boot-starter-test/3.5.3/spring-boot-starter-test-3.5.3.jar:/Users/davidbolet/.m2/repository/org/springframework/boot/spring-boot-test/3.5.3/spring-boot-test-3.5.3.jar:/Users/davidbolet/.m2/repository/org/springframework/boot/spring-boot-test-autoconfigure/3.5.3/spring-boot-test-autoconfigure-3.5.3.jar:/Users/davidbolet/.m2/repository/com/jayway/jsonpath/json-path/2.9.0/json-path-2.9.0.jar:/Users/davidbolet/.m2/repository/jakarta/xml/bind/jakarta.xml.bind-api/4.0.2/jakarta.xml.bind-api-4.0.2.jar:/Users/davidbolet/.m2/repository/jakarta/activation/jakarta.activation-api/2.1.3/jakarta.activation-api-2.1.3.jar:/Users/davidbolet/.m2/repository/net/minidev/json-smart/2.5.2/json-smart-2.5.2.jar:/Users/davidbolet/.m2/repository/net/minidev/accessors-smart/2.5.2/accessors-smart-2.5.2.jar:/Users/davidbolet/.m2/repository/org/ow2/asm/asm/9.7.1/asm-9.7.1.jar:/Users/davidbolet/.m2/repository/org/awaitility/awaitility/4.2.2/awaitility-4.2.2.jar:/Users/davidbolet/.m2/repository/org/hamcrest/hamcrest/3.0/hamcrest-3.0.jar:/Users/davidbolet/.m2/repository/org/junit/jupiter/junit-jupiter/5.12.2/junit-jupiter-5.12.2.jar:/Users/davidbolet/.m2/repository/org/junit/jupiter/junit-jupiter-params/5.12.2/junit-jupiter-params-5.12.2.jar:/Users/davidbolet/.m2/repository/org/junit/jupiter/junit-jupiter-engine/5.12.2/junit-jupiter-engine-5.12.2.jar:/Users/davidbolet/.m2/repository/org/junit/platform/junit-platform-engine/1.12.2/junit-platform-engine-1.12.2.jar:/Users/davidbolet/.m2/repository/org/skyscreamer/jsonassert/1.5.3/jsonassert-1.5.3.jar:/Users/davidbolet/.m2/repository/com/vaadin/external/google/android-json/0.0.20131108.vaadin1/android-json-0.0.20131108.vaadin1.jar:/Users/davidbolet/.m2/repository/org/springframework/spring-core/6.2.8/spring-core-6.2.8.jar:/Users/davidbolet/.m2/repository/org/springframework/spring-jcl/6.2.8/spring-jcl-6.2.8.jar:/Users/davidbolet/.m2/repository/org/springframework/spring-test/6.2.8/spring-test-6.2.8.jar:/Users/davidbolet/.m2/repository/org/xmlunit/xmlunit-core/2.10.2/xmlunit-core-2.10.2.jar:/Users/davidbolet/.m2/repository/org/assertj/assertj-core/3.27.3/assertj-core-3.27.3.jar:/Users/davidbolet/.m2/repository/net/bytebuddy/byte-buddy/1.17.6/byte-buddy-1.17.6.jar:/Users/davidbolet/.m2/repository/org/mockito/mockito-core/5.17.0/mockito-core-5.17.0.jar:/Users/davidbolet/.m2/repository/net/bytebuddy/byte-buddy-agent/1.17.6/byte-buddy-agent-1.17.6.jar:/Users/davidbolet/.m2/repository/org/objenesis/objenesis/3.3/objenesis-3.3.jar:/Users/davidbolet/.m2/repository/org/mockito/mockito-junit-jupiter/5.17.0/mockito-junit-jupiter-5.17.0.jar:/Users/davidbolet/.m2/repository/org/junit/jupiter/junit-jupiter-api/5.12.2/junit-jupiter-api-5.12.2.jar:/Users/davidbolet/.m2/repository/org/opentest4j/opentest4j/1.3.0/opentest4j-1.3.0.jar:/Users/davidbolet/.m2/repository/org/junit/platform/junit-platform-commons/1.12.2/junit-platform-commons-1.12.2.jar:/Users/davidbolet/.m2/repository/org/apiguardian/apiguardian-api/1.1.2/apiguardian-api-1.1.2.jar:/Users/davidbolet/.m2/repository/io/rest-assured/rest-assured/5.5.5/rest-assured-5.5.5.jar:/Users/davidbolet/.m2/repository/org/apache/groovy/groovy/4.0.27/groovy-4.0.27.jar:/Users/davidbolet/.m2/repository/org/apache/groovy/groovy-xml/4.0.27/groovy-xml-4.0.27.jar:/Users/davidbolet/.m2/repository/org/apache/httpcomponents/httpclient/4.5.13/httpclient-4.5.13.jar:/Users/davidbolet/.m2/repository/org/apache/httpcomponents/httpcore/4.4.16/httpcore-4.4.16.jar:/Users/davidbolet/.m2/repository/commons-logging/commons-logging/1.2/commons-logging-1.2.jar:/Users/davidbolet/.m2/repository/commons-codec/commons-codec/1.18.0/commons-codec-1.18.0.jar:/Users/davidbolet/.m2/repository/org/apache/httpcomponents/httpmime/4.5.13/httpmime-4.5.13.jar:/Users/davidbolet/.m2/repository/org/ccil/cowan/tagsoup/tagsoup/1.2.1/tagsoup-1.2.1.jar:/Users/davidbolet/.m2/repository/io/rest-assured/json-path/5.5.5/json-path-5.5.5.jar:/Users/davidbolet/.m2/repository/org/apache/groovy/groovy-json/4.0.27/groovy-json-4.0.27.jar:/Users/davidbolet/.m2/repository/io/rest-assured/rest-assured-common/5.5.5/rest-assured-common-5.5.5.jar:/Users/davidbolet/.m2/repository/io/rest-assured/xml-path/5.5.5/xml-path-5.5.5.jar:/Users/davidbolet/.m2/repository/org/apache/commons/commons-lang3/3.17.0/commons-lang3-3.17.0.jar:"/>
    <property name="sun.cpu.endian" value="little"/>
    <property name="user.home" value="/Users/davidbolet"/>
    <property name="user.language" value="es"/>
    <property name="java.specification.vendor" value="Oracle Corporation"/>
    <property name="java.version.date" value="2025-04-15"/>
    <property name="java.home" value="/opt/homebrew/Cellar/openjdk@21/21.0.7/libexec/openjdk.jdk/Contents/Home"/>
    <property name="file.separator" value="/"/>
    <property name="basedir" value="/Users/davidbolet/development/TDD_Course/Sessions/Sesion05_BookService"/>
    <property name="java.vm.compressedOopsMode" value="Zero based"/>
    <property name="line.separator" value="&#10;"/>
    <property name="java.vm.specification.vendor" value="Oracle Corporation"/>
    <property name="java.specification.name" value="Java Platform API Specification"/>
    <property name="FILE_LOG_CHARSET" value="UTF-8"/>
    <property name="java.awt.headless" value="true"/>
    <property name="apple.awt.application.name" value="ForkedBooter"/>
    <property name="surefire.real.class.path" value="/Users/davidbolet/development/TDD_Course/Sessions/Sesion05_BookService/target/surefire/surefirebooter-20250718080509099_3.jar"/>
    <property name="sun.management.compiler" value="HotSpot 64-Bit Tiered Compilers"/>
    <property name="java.runtime.version" value="21.0.7"/>
    <property name="user.name" value="davidbolet"/>
    <property name="stdout.encoding" value="UTF-8"/>
    <property name="path.separator" value=":"/>
    <property name="os.version" value="15.5"/>
    <property name="java.runtime.name" value="OpenJDK Runtime Environment"/>
    <property name="file.encoding" value="UTF-8"/>
    <property name="java.vm.name" value="OpenJDK 64-Bit Server VM"/>
    <property name="java.vendor.version" value="Homebrew"/>
    <property name="localRepository" value="/Users/davidbolet/.m2/repository"/>
    <property name="java.vendor.url.bug" value="https://github.com/Homebrew/homebrew-core/issues"/>
    <property name="java.io.tmpdir" value="/var/folders/84/cvgrnpk54559nx35v5zpvbhr0000gn/T/"/>
    <property name="catalina.home" value="/private/var/folders/84/cvgrnpk54559nx35v5zpvbhr0000gn/T/tomcat.0.2370199069189131775"/>
    <property name="com.zaxxer.hikari.pool_number" value="2"/>
    <property name="java.version" value="21.0.7"/>
    <property name="user.dir" value="/Users/davidbolet/development/TDD_Course/Sessions/Sesion05_BookService"/>
    <property name="os.arch" value="aarch64"/>
    <property name="java.vm.specification.name" value="Java Virtual Machine Specification"/>
    <property name="PID" value="31175"/>
    <property name="CONSOLE_LOG_CHARSET" value="UTF-8"/>
    <property name="catalina.base" value="/private/var/folders/84/cvgrnpk54559nx35v5zpvbhr0000gn/T/tomcat.0.2370199069189131775"/>
    <property name="native.encoding" value="UTF-8"/>
    <property name="java.library.path" value="/Users/davidbolet/Library/Java/Extensions:/Library/Java/Extensions:/Network/Library/Java/Extensions:/System/Library/Java/Extensions:/usr/lib/java:."/>
    <property name="java.vm.info" value="mixed mode, sharing"/>
    <property name="stderr.encoding" value="UTF-8"/>
    <property name="java.vendor" value="Homebrew"/>
    <property name="java.vm.version" value="21.0.7"/>
    <property name="sun.io.unicode.encoding" value="UnicodeBig"/>
    <property name="java.class.version" value="65.0"/>
    <property name="LOGGED_APPLICATION_NAME" value="[demoservice] "/>
  </properties>
  <testcase name="shouldGetBooksWithStock" classname="com.talant.bootcamp.booksservice.controller.BookControllerTest" time="0.082">
    <system-out><![CDATA[2025-07-18T08:05:18.218+02:00  INFO 31175 --- [demoservice] [           main] t.c.s.AnnotationConfigContextLoaderUtils : Could not detect default configuration classes for test class [com.talant.bootcamp.booksservice.controller.BookControllerTest]: BookControllerTest does not declare any static, non-private, non-final, nested classes annotated with @Configuration.
2025-07-18T08:05:18.231+02:00  INFO 31175 --- [demoservice] [           main] .b.t.c.SpringBootTestContextBootstrapper : Found @SpringBootConfiguration com.talant.bootcamp.booksservice.BooksserviceApplication for test class com.talant.bootcamp.booksservice.controller.BookControllerTest

  .   ____          _            __ _ _
 /\\ / ___'_ __ _ _(_)_ __  __ _ \ \ \ \
( ( )\___ | '_ | '_| | '_ \/ _` | \ \ \ \
 \\/  ___)| |_)| | | | | || (_| |  ) ) ) )
  '  |____| .__|_| |_|_| |_\__, | / / / /
 =========|_|==============|___/=/_/_/_/

 :: Spring Boot ::                (v3.5.3)

2025-07-18T08:05:18.246+02:00  INFO 31175 --- [demoservice] [           main] c.t.b.b.controller.BookControllerTest    : Starting BookControllerTest using Java 21.0.7 with PID 31175 (started by davidbolet in /Users/davidbolet/development/TDD_Course/Sessions/Sesion05_BookService)
2025-07-18T08:05:18.246+02:00  INFO 31175 --- [demoservice] [           main] c.t.b.b.controller.BookControllerTest    : No active profile set, falling back to 1 default profile: "default"
2025-07-18T08:05:18.247+02:00 DEBUG 31175 --- [demoservice] [           main] o.s.w.c.s.GenericWebApplicationContext   : Refreshing org.springframework.web.context.support.GenericWebApplicationContext@51355836
2025-07-18T08:05:18.579+02:00 DEBUG 31175 --- [demoservice] [           main] s.w.s.m.m.a.RequestMappingHandlerMapping : 27 mappings in 'requestMappingHandlerMapping'
2025-07-18T08:05:18.612+02:00 DEBUG 31175 --- [demoservice] [           main] o.s.w.s.handler.SimpleUrlHandlerMapping  : Patterns [/webjars/**, /**] in 'resourceHandlerMapping'
2025-07-18T08:05:18.621+02:00 DEBUG 31175 --- [demoservice] [           main] s.w.s.m.m.a.RequestMappingHandlerAdapter : ControllerAdvice beans: 0 @ModelAttribute, 0 @InitBinder, 1 RequestBodyAdvice, 1 ResponseBodyAdvice
2025-07-18T08:05:18.628+02:00 DEBUG 31175 --- [demoservice] [           main] .m.m.a.ExceptionHandlerExceptionResolver : ControllerAdvice beans: 1 @ExceptionHandler, 1 ResponseBodyAdvice
2025-07-18T08:05:18.649+02:00  INFO 31175 --- [demoservice] [           main] o.s.b.t.m.w.SpringBootMockServletContext : Initializing Spring TestDispatcherServlet ''
2025-07-18T08:05:18.649+02:00  INFO 31175 --- [demoservice] [           main] o.s.t.web.servlet.TestDispatcherServlet  : Initializing Servlet ''
2025-07-18T08:05:18.650+02:00  INFO 31175 --- [demoservice] [           main] o.s.t.web.servlet.TestDispatcherServlet  : Completed initialization in 1 ms
2025-07-18T08:05:18.667+02:00  INFO 31175 --- [demoservice] [           main] c.t.b.b.controller.BookControllerTest    : Started BookControllerTest in 0.434 seconds (process running for 9.515)
2025-07-18T08:05:18.719+02:00 DEBUG 31175 --- [demoservice] [           main] s.w.s.m.m.a.RequestMappingHandlerMapping : Mapped to com.talant.bootcamp.booksservice.controller.BookController#getBooksWithStock()
2025-07-18T08:05:18.737+02:00 DEBUG 31175 --- [demoservice] [           main] o.s.w.s.m.m.a.HttpEntityMethodProcessor  : Using 'application/json', given [*/*] and supported [application/json, application/*+json]
2025-07-18T08:05:18.740+02:00 DEBUG 31175 --- [demoservice] [           main] o.s.w.s.m.m.a.HttpEntityMethodProcessor  : Writing [[BookResponse{id=1, title='Test Book', author='Test Author', isbn='1234567890', description='Test De (truncated)...]
]]></system-out>
  </testcase>
  <testcase name="shouldUpdateBook" classname="com.talant.bootcamp.booksservice.controller.BookControllerTest" time="0.033">
    <system-out><![CDATA[2025-07-18T08:05:18.766+02:00 DEBUG 31175 --- [demoservice] [           main] s.w.s.m.m.a.RequestMappingHandlerMapping : Mapped to com.talant.bootcamp.booksservice.controller.BookController#updateBook(Long, BookRequest)
2025-07-18T08:05:18.770+02:00 DEBUG 31175 --- [demoservice] [           main] m.m.a.RequestResponseBodyMethodProcessor : Read "application/json;charset=UTF-8" to [BookRequest{title='Test Book', author='Test Author', isbn='1234567890', description='Test Descriptio (truncated)...]
2025-07-18T08:05:18.784+02:00 DEBUG 31175 --- [demoservice] [           main] o.s.w.s.m.m.a.HttpEntityMethodProcessor  : Using 'application/json', given [*/*] and supported [application/json, application/*+json]
2025-07-18T08:05:18.785+02:00 DEBUG 31175 --- [demoservice] [           main] o.s.w.s.m.m.a.HttpEntityMethodProcessor  : Writing [BookResponse{id=1, title='Test Book', author='Test Author', isbn='1234567890', description='Test Des (truncated)...]
]]></system-out>
  </testcase>
  <testcase name="shouldGetBooksByTitle" classname="com.talant.bootcamp.booksservice.controller.BookControllerTest" time="0.009">
    <system-out><![CDATA[2025-07-18T08:05:18.795+02:00 DEBUG 31175 --- [demoservice] [           main] s.w.s.m.m.a.RequestMappingHandlerMapping : Mapped to com.talant.bootcamp.booksservice.controller.BookController#getBooksByTitle(String)
2025-07-18T08:05:18.797+02:00 DEBUG 31175 --- [demoservice] [           main] o.s.w.s.m.m.a.HttpEntityMethodProcessor  : Using 'application/json', given [*/*] and supported [application/json, application/*+json]
2025-07-18T08:05:18.797+02:00 DEBUG 31175 --- [demoservice] [           main] o.s.w.s.m.m.a.HttpEntityMethodProcessor  : Writing [[BookResponse{id=1, title='Test Book', author='Test Author', isbn='1234567890', description='Test De (truncated)...]
]]></system-out>
  </testcase>
  <testcase name="shouldGetBooksByCategory" classname="com.talant.bootcamp.booksservice.controller.BookControllerTest" time="0.01">
    <system-out><![CDATA[2025-07-18T08:05:18.806+02:00 DEBUG 31175 --- [demoservice] [           main] s.w.s.m.m.a.RequestMappingHandlerMapping : Mapped to com.talant.bootcamp.booksservice.controller.BookController#getBooksByCategory(BookCategory)
2025-07-18T08:05:18.809+02:00 DEBUG 31175 --- [demoservice] [           main] o.s.w.s.m.m.a.HttpEntityMethodProcessor  : Using 'application/json', given [*/*] and supported [application/json, application/*+json]
2025-07-18T08:05:18.810+02:00 DEBUG 31175 --- [demoservice] [           main] o.s.w.s.m.m.a.HttpEntityMethodProcessor  : Writing [[BookResponse{id=1, title='Test Book', author='Test Author', isbn='1234567890', description='Test De (truncated)...]
]]></system-out>
  </testcase>
  <testcase name="shouldCheckIfBookExistsByIsbn" classname="com.talant.bootcamp.booksservice.controller.BookControllerTest" time="0.013">
    <system-out><![CDATA[2025-07-18T08:05:18.818+02:00 DEBUG 31175 --- [demoservice] [           main] s.w.s.m.m.a.RequestMappingHandlerMapping : Mapped to com.talant.bootcamp.booksservice.controller.BookController#existsByIsbn(String)
2025-07-18T08:05:18.820+02:00 DEBUG 31175 --- [demoservice] [           main] o.s.w.s.m.m.a.HttpEntityMethodProcessor  : Using 'application/json', given [*/*] and supported [application/json, application/*+json]
2025-07-18T08:05:18.820+02:00 DEBUG 31175 --- [demoservice] [           main] o.s.w.s.m.m.a.HttpEntityMethodProcessor  : Writing [true]
]]></system-out>
  </testcase>
  <testcase name="shouldValidatePositivePrice" classname="com.talant.bootcamp.booksservice.controller.BookControllerTest" time="0.018">
    <system-out><![CDATA[2025-07-18T08:05:18.832+02:00 DEBUG 31175 --- [demoservice] [           main] s.w.s.m.m.a.RequestMappingHandlerMapping : Mapped to com.talant.bootcamp.booksservice.controller.BookController#createBook(BookRequest)
2025-07-18T08:05:18.834+02:00 DEBUG 31175 --- [demoservice] [           main] m.m.a.RequestResponseBodyMethodProcessor : Read "application/json;charset=UTF-8" to [BookRequest{title='Test Book', author='Test Author', isbn='1234567890', description='Test Descriptio (truncated)...]
2025-07-18T08:05:18.837+02:00 DEBUG 31175 --- [demoservice] [           main] .m.m.a.ExceptionHandlerExceptionResolver : Using @ExceptionHandler com.talant.bootcamp.booksservice.exception.GlobalExceptionHandler#handleValidationExceptions(MethodArgumentNotValidException)
2025-07-18T08:05:18.840+02:00 DEBUG 31175 --- [demoservice] [           main] o.s.w.s.m.m.a.HttpEntityMethodProcessor  : Using 'application/json', given [*/*] and supported [application/json, application/*+json]
2025-07-18T08:05:18.840+02:00 DEBUG 31175 --- [demoservice] [           main] o.s.w.s.m.m.a.HttpEntityMethodProcessor  : Writing [com.talant.bootcamp.booksservice.exception.GlobalExceptionHandler$ErrorResponse@2997f029]
2025-07-18T08:05:18.843+02:00 DEBUG 31175 --- [demoservice] [           main] .m.m.a.ExceptionHandlerExceptionResolver : Resolved [org.springframework.web.bind.MethodArgumentNotValidException: Validation failed for argument [0] in public org.springframework.http.ResponseEntity<com.talant.bootcamp.booksservice.dto.BookResponse> com.talant.bootcamp.booksservice.controller.BookController.createBook(com.talant.bootcamp.booksservice.dto.BookRequest): [Field error in object 'bookRequest' on field 'price': rejected value [-10.00]; codes [DecimalMin.bookRequest.price,DecimalMin.price,DecimalMin.java.math.BigDecimal,DecimalMin]; arguments [org.springframework.context.support.DefaultMessageSourceResolvable: codes [bookRequest.price,price]; arguments []; default message [price],false,0.0]; default message [Price must be greater than 0]] ]
]]></system-out>
  </testcase>
  <testcase name="shouldGetCategories" classname="com.talant.bootcamp.booksservice.controller.BookControllerTest" time="0.008">
    <system-out><![CDATA[2025-07-18T08:05:18.849+02:00 DEBUG 31175 --- [demoservice] [           main] s.w.s.m.m.a.RequestMappingHandlerMapping : Mapped to com.talant.bootcamp.booksservice.controller.BookController#getCategories()
2025-07-18T08:05:18.850+02:00 DEBUG 31175 --- [demoservice] [           main] o.s.w.s.m.m.a.HttpEntityMethodProcessor  : Using 'application/json', given [*/*] and supported [application/json, application/*+json]
2025-07-18T08:05:18.851+02:00 DEBUG 31175 --- [demoservice] [           main] o.s.w.s.m.m.a.HttpEntityMethodProcessor  : Writing [{Fiction, Non-Fiction, Science Fiction, Fantasy, Mystery, Thriller, Romance, Biography, History, Sci (truncated)...]
]]></system-out>
  </testcase>
  <testcase name="shouldValidateNonNegativeStock" classname="com.talant.bootcamp.booksservice.controller.BookControllerTest" time="0.011">
    <system-out><![CDATA[2025-07-18T08:05:18.861+02:00 DEBUG 31175 --- [demoservice] [           main] s.w.s.m.m.a.RequestMappingHandlerMapping : Mapped to com.talant.bootcamp.booksservice.controller.BookController#createBook(BookRequest)
2025-07-18T08:05:18.862+02:00 DEBUG 31175 --- [demoservice] [           main] m.m.a.RequestResponseBodyMethodProcessor : Read "application/json;charset=UTF-8" to [BookRequest{title='Test Book', author='Test Author', isbn='1234567890', description='Test Descriptio (truncated)...]
2025-07-18T08:05:18.863+02:00 DEBUG 31175 --- [demoservice] [           main] .m.m.a.ExceptionHandlerExceptionResolver : Using @ExceptionHandler com.talant.bootcamp.booksservice.exception.GlobalExceptionHandler#handleValidationExceptions(MethodArgumentNotValidException)
2025-07-18T08:05:18.863+02:00 DEBUG 31175 --- [demoservice] [           main] o.s.w.s.m.m.a.HttpEntityMethodProcessor  : Using 'application/json', given [*/*] and supported [application/json, application/*+json]
2025-07-18T08:05:18.863+02:00 DEBUG 31175 --- [demoservice] [           main] o.s.w.s.m.m.a.HttpEntityMethodProcessor  : Writing [com.talant.bootcamp.booksservice.exception.GlobalExceptionHandler$ErrorResponse@691d1a65]
2025-07-18T08:05:18.864+02:00 DEBUG 31175 --- [demoservice] [           main] .m.m.a.ExceptionHandlerExceptionResolver : Resolved [org.springframework.web.bind.MethodArgumentNotValidException: Validation failed for argument [0] in public org.springframework.http.ResponseEntity<com.talant.bootcamp.booksservice.dto.BookResponse> com.talant.bootcamp.booksservice.controller.BookController.createBook(com.talant.bootcamp.booksservice.dto.BookRequest): [Field error in object 'bookRequest' on field 'stock': rejected value [-5]; codes [Min.bookRequest.stock,Min.stock,Min.java.lang.Integer,Min]; arguments [org.springframework.context.support.DefaultMessageSourceResolvable: codes [bookRequest.stock,stock]; arguments []; default message [stock],0]; default message [Stock must be greater than 0]] ]
]]></system-out>
  </testcase>
  <testcase name="shouldGetBooksOutOfStock" classname="com.talant.bootcamp.booksservice.controller.BookControllerTest" time="0.007">
    <system-out><![CDATA[2025-07-18T08:05:18.871+02:00 DEBUG 31175 --- [demoservice] [           main] s.w.s.m.m.a.RequestMappingHandlerMapping : Mapped to com.talant.bootcamp.booksservice.controller.BookController#getBooksOutOfStock()
2025-07-18T08:05:18.872+02:00 DEBUG 31175 --- [demoservice] [           main] o.s.w.s.m.m.a.HttpEntityMethodProcessor  : Using 'application/json', given [*/*] and supported [application/json, application/*+json]
2025-07-18T08:05:18.872+02:00 DEBUG 31175 --- [demoservice] [           main] o.s.w.s.m.m.a.HttpEntityMethodProcessor  : Writing [[BookResponse{id=1, title='Test Book', author='Test Author', isbn='1234567890', description='Test De (truncated)...]
]]></system-out>
  </testcase>
  <testcase name="shouldUpdateStock" classname="com.talant.bootcamp.booksservice.controller.BookControllerTest" time="0.006">
    <system-out><![CDATA[2025-07-18T08:05:18.879+02:00 DEBUG 31175 --- [demoservice] [           main] s.w.s.m.m.a.RequestMappingHandlerMapping : Mapped to com.talant.bootcamp.booksservice.controller.BookController#updateStock(Long, Integer)
2025-07-18T08:05:18.880+02:00 DEBUG 31175 --- [demoservice] [           main] o.s.w.s.m.m.a.HttpEntityMethodProcessor  : Using 'application/json', given [*/*] and supported [application/json, application/*+json]
2025-07-18T08:05:18.881+02:00 DEBUG 31175 --- [demoservice] [           main] o.s.w.s.m.m.a.HttpEntityMethodProcessor  : Writing [BookResponse{id=1, title='Test Book', author='Test Author', isbn='1234567890', description='Test Des (truncated)...]
]]></system-out>
  </testcase>
  <testcase name="shouldCreateBook" classname="com.talant.bootcamp.booksservice.controller.BookControllerTest" time="0.012">
    <system-out><![CDATA[2025-07-18T08:05:18.893+02:00 DEBUG 31175 --- [demoservice] [           main] s.w.s.m.m.a.RequestMappingHandlerMapping : Mapped to com.talant.bootcamp.booksservice.controller.BookController#createBook(BookRequest)
2025-07-18T08:05:18.893+02:00 DEBUG 31175 --- [demoservice] [           main] m.m.a.RequestResponseBodyMethodProcessor : Read "application/json;charset=UTF-8" to [BookRequest{title='Test Book', author='Test Author', isbn='1234567890', description='Test Descriptio (truncated)...]
2025-07-18T08:05:18.894+02:00 DEBUG 31175 --- [demoservice] [           main] o.s.w.s.m.m.a.HttpEntityMethodProcessor  : Using 'application/json', given [*/*] and supported [application/json, application/*+json]
2025-07-18T08:05:18.895+02:00 DEBUG 31175 --- [demoservice] [           main] o.s.w.s.m.m.a.HttpEntityMethodProcessor  : Writing [BookResponse{id=1, title='Test Book', author='Test Author', isbn='1234567890', description='Test Des (truncated)...]
]]></system-out>
  </testcase>
  <testcase name="shouldGetAllBooks" classname="com.talant.bootcamp.booksservice.controller.BookControllerTest" time="0.007">
    <system-out><![CDATA[2025-07-18T08:05:18.902+02:00 DEBUG 31175 --- [demoservice] [           main] s.w.s.m.m.a.RequestMappingHandlerMapping : Mapped to com.talant.bootcamp.booksservice.controller.BookController#getAllBooks()
2025-07-18T08:05:18.903+02:00 DEBUG 31175 --- [demoservice] [           main] o.s.w.s.m.m.a.HttpEntityMethodProcessor  : Using 'application/json', given [*/*] and supported [application/json, application/*+json]
2025-07-18T08:05:18.903+02:00 DEBUG 31175 --- [demoservice] [           main] o.s.w.s.m.m.a.HttpEntityMethodProcessor  : Writing [[BookResponse{id=1, title='Test Book', author='Test Author', isbn='1234567890', description='Test De (truncated)...]
]]></system-out>
  </testcase>
  <testcase name="shouldGetBookByIsbn" classname="com.talant.bootcamp.booksservice.controller.BookControllerTest" time="0.008">
    <system-out><![CDATA[2025-07-18T08:05:18.911+02:00 DEBUG 31175 --- [demoservice] [           main] s.w.s.m.m.a.RequestMappingHandlerMapping : Mapped to com.talant.bootcamp.booksservice.controller.BookController#getBookByIsbn(String)
2025-07-18T08:05:18.912+02:00 DEBUG 31175 --- [demoservice] [           main] o.s.w.s.m.m.a.HttpEntityMethodProcessor  : Using 'application/json', given [*/*] and supported [application/json, application/*+json]
2025-07-18T08:05:18.912+02:00 DEBUG 31175 --- [demoservice] [           main] o.s.w.s.m.m.a.HttpEntityMethodProcessor  : Writing [BookResponse{id=1, title='Test Book', author='Test Author', isbn='1234567890', description='Test Des (truncated)...]
]]></system-out>
  </testcase>
  <testcase name="shouldGetBookById" classname="com.talant.bootcamp.booksservice.controller.BookControllerTest" time="0.008">
    <system-out><![CDATA[2025-07-18T08:05:18.920+02:00 DEBUG 31175 --- [demoservice] [           main] s.w.s.m.m.a.RequestMappingHandlerMapping : Mapped to com.talant.bootcamp.booksservice.controller.BookController#getBookById(Long)
2025-07-18T08:05:18.921+02:00 DEBUG 31175 --- [demoservice] [           main] o.s.w.s.m.m.a.HttpEntityMethodProcessor  : Using 'application/json', given [*/*] and supported [application/json, application/*+json]
2025-07-18T08:05:18.921+02:00 DEBUG 31175 --- [demoservice] [           main] o.s.w.s.m.m.a.HttpEntityMethodProcessor  : Writing [BookResponse{id=1, title='Test Book', author='Test Author', isbn='1234567890', description='Test Des (truncated)...]
]]></system-out>
  </testcase>
  <testcase name="shouldHandleDuplicateIsbnException" classname="com.talant.bootcamp.booksservice.controller.BookControllerTest" time="0.014">
    <system-out><![CDATA[2025-07-18T08:05:18.934+02:00 DEBUG 31175 --- [demoservice] [           main] s.w.s.m.m.a.RequestMappingHandlerMapping : Mapped to com.talant.bootcamp.booksservice.controller.BookController#createBook(BookRequest)
2025-07-18T08:05:18.935+02:00 DEBUG 31175 --- [demoservice] [           main] m.m.a.RequestResponseBodyMethodProcessor : Read "application/json;charset=UTF-8" to [BookRequest{title='Test Book', author='Test Author', isbn='1234567890', description='Test Descriptio (truncated)...]
2025-07-18T08:05:18.937+02:00 DEBUG 31175 --- [demoservice] [           main] .m.m.a.ExceptionHandlerExceptionResolver : Using @ExceptionHandler com.talant.bootcamp.booksservice.exception.GlobalExceptionHandler#handleDuplicateIsbnException(DuplicateIsbnException)
2025-07-18T08:05:18.937+02:00 DEBUG 31175 --- [demoservice] [           main] o.s.w.s.m.m.a.HttpEntityMethodProcessor  : Using 'application/json', given [*/*] and supported [application/json, application/*+json]
2025-07-18T08:05:18.937+02:00 DEBUG 31175 --- [demoservice] [           main] o.s.w.s.m.m.a.HttpEntityMethodProcessor  : Writing [com.talant.bootcamp.booksservice.exception.GlobalExceptionHandler$ErrorResponse@3010c0fa]
2025-07-18T08:05:18.938+02:00 DEBUG 31175 --- [demoservice] [           main] .m.m.a.ExceptionHandlerExceptionResolver : Resolved [com.talant.bootcamp.booksservice.exception.DuplicateIsbnException: A book with ISBN 1234567890 already exists]
]]></system-out>
  </testcase>
  <testcase name="shouldDeleteBook" classname="com.talant.bootcamp.booksservice.controller.BookControllerTest" time="0.008">
    <system-out><![CDATA[2025-07-18T08:05:18.946+02:00 DEBUG 31175 --- [demoservice] [           main] s.w.s.m.m.a.RequestMappingHandlerMapping : Mapped to com.talant.bootcamp.booksservice.controller.BookController#deleteBook(Long)
2025-07-18T08:05:18.948+02:00 DEBUG 31175 --- [demoservice] [           main] o.s.w.s.m.m.a.HttpEntityMethodProcessor  : Using 'application/json', given [*/*] and supported [application/json, application/*+json]
2025-07-18T08:05:18.948+02:00 DEBUG 31175 --- [demoservice] [           main] o.s.w.s.m.m.a.HttpEntityMethodProcessor  : Nothing to write: null body
]]></system-out>
  </testcase>
  <testcase name="shouldGetBooksByAuthor" classname="com.talant.bootcamp.booksservice.controller.BookControllerTest" time="0.008">
    <system-out><![CDATA[2025-07-18T08:05:18.955+02:00 DEBUG 31175 --- [demoservice] [           main] s.w.s.m.m.a.RequestMappingHandlerMapping : Mapped to com.talant.bootcamp.booksservice.controller.BookController#getBooksByAuthor(String)
2025-07-18T08:05:18.956+02:00 DEBUG 31175 --- [demoservice] [           main] o.s.w.s.m.m.a.HttpEntityMethodProcessor  : Using 'application/json', given [*/*] and supported [application/json, application/*+json]
2025-07-18T08:05:18.956+02:00 DEBUG 31175 --- [demoservice] [           main] o.s.w.s.m.m.a.HttpEntityMethodProcessor  : Writing [[BookResponse{id=1, title='Test Book', author='Test Author', isbn='1234567890', description='Test De (truncated)...]
]]></system-out>
  </testcase>
  <testcase name="shouldHandleBookNotFoundException" classname="com.talant.bootcamp.booksservice.controller.BookControllerTest" time="0.006">
    <system-out><![CDATA[2025-07-18T08:05:18.963+02:00 DEBUG 31175 --- [demoservice] [           main] s.w.s.m.m.a.RequestMappingHandlerMapping : Mapped to com.talant.bootcamp.booksservice.controller.BookController#getBookById(Long)
2025-07-18T08:05:18.964+02:00 DEBUG 31175 --- [demoservice] [           main] .m.m.a.ExceptionHandlerExceptionResolver : Using @ExceptionHandler com.talant.bootcamp.booksservice.exception.GlobalExceptionHandler#handleBookNotFoundException(BookNotFoundException)
2025-07-18T08:05:18.964+02:00 DEBUG 31175 --- [demoservice] [           main] o.s.w.s.m.m.a.HttpEntityMethodProcessor  : Using 'application/json', given [*/*] and supported [application/json, application/*+json]
2025-07-18T08:05:18.964+02:00 DEBUG 31175 --- [demoservice] [           main] o.s.w.s.m.m.a.HttpEntityMethodProcessor  : Writing [com.talant.bootcamp.booksservice.exception.GlobalExceptionHandler$ErrorResponse@313b0b1e]
2025-07-18T08:05:18.965+02:00 DEBUG 31175 --- [demoservice] [           main] .m.m.a.ExceptionHandlerExceptionResolver : Resolved [com.talant.bootcamp.booksservice.exception.BookNotFoundException: Book not found with ID: 999]
]]></system-out>
  </testcase>
  <testcase name="shouldValidateIsbnFormat" classname="com.talant.bootcamp.booksservice.controller.BookControllerTest" time="0.01">
    <system-out><![CDATA[2025-07-18T08:05:18.972+02:00 DEBUG 31175 --- [demoservice] [           main] s.w.s.m.m.a.RequestMappingHandlerMapping : Mapped to com.talant.bootcamp.booksservice.controller.BookController#createBook(BookRequest)
2025-07-18T08:05:18.973+02:00 DEBUG 31175 --- [demoservice] [           main] m.m.a.RequestResponseBodyMethodProcessor : Read "application/json;charset=UTF-8" to [BookRequest{title='Test Book', author='Test Author', isbn='invalid-isbn', description='Test Descript (truncated)...]
2025-07-18T08:05:18.975+02:00 DEBUG 31175 --- [demoservice] [           main] .m.m.a.ExceptionHandlerExceptionResolver : Using @ExceptionHandler com.talant.bootcamp.booksservice.exception.GlobalExceptionHandler#handleValidationExceptions(MethodArgumentNotValidException)
2025-07-18T08:05:18.976+02:00 DEBUG 31175 --- [demoservice] [           main] o.s.w.s.m.m.a.HttpEntityMethodProcessor  : Using 'application/json', given [*/*] and supported [application/json, application/*+json]
2025-07-18T08:05:18.976+02:00 DEBUG 31175 --- [demoservice] [           main] o.s.w.s.m.m.a.HttpEntityMethodProcessor  : Writing [com.talant.bootcamp.booksservice.exception.GlobalExceptionHandler$ErrorResponse@6d14da2c]
2025-07-18T08:05:18.977+02:00 DEBUG 31175 --- [demoservice] [           main] .m.m.a.ExceptionHandlerExceptionResolver : Resolved [org.springframework.web.bind.MethodArgumentNotValidException: Validation failed for argument [0] in public org.springframework.http.ResponseEntity<com.talant.bootcamp.booksservice.dto.BookResponse> com.talant.bootcamp.booksservice.controller.BookController.createBook(com.talant.bootcamp.booksservice.dto.BookRequest): [Field error in object 'bookRequest' on field 'isbn': rejected value [invalid-isbn]; codes [Pattern.bookRequest.isbn,Pattern.isbn,Pattern.java.lang.String,Pattern]; arguments [org.springframework.context.support.DefaultMessageSourceResolvable: codes [bookRequest.isbn,isbn]; arguments []; default message [isbn],[Ljakarta.validation.constraints.Pattern$Flag;@388f2bf9,^(?:[0-9]{10}|[0-9]{13})$]; default message [ISBN must be 10 or 13 digits]] ]
]]></system-out>
  </testcase>
  <testcase name="shouldSearchBooksByText" classname="com.talant.bootcamp.booksservice.controller.BookControllerTest" time="0.007">
    <system-out><![CDATA[2025-07-18T08:05:18.982+02:00 DEBUG 31175 --- [demoservice] [           main] s.w.s.m.m.a.RequestMappingHandlerMapping : Mapped to com.talant.bootcamp.booksservice.controller.BookController#searchBooks(String)
2025-07-18T08:05:18.983+02:00 DEBUG 31175 --- [demoservice] [           main] o.s.w.s.m.m.a.HttpEntityMethodProcessor  : Using 'application/json', given [*/*] and supported [application/json, application/*+json]
2025-07-18T08:05:18.983+02:00 DEBUG 31175 --- [demoservice] [           main] o.s.w.s.m.m.a.HttpEntityMethodProcessor  : Writing [[BookResponse{id=1, title='Test Book', author='Test Author', isbn='1234567890', description='Test De (truncated)...]
]]></system-out>
  </testcase>
  <testcase name="shouldValidateRequiredFields" classname="com.talant.bootcamp.booksservice.controller.BookControllerTest" time="0.012">
    <system-out><![CDATA[2025-07-18T08:05:18.993+02:00 DEBUG 31175 --- [demoservice] [           main] s.w.s.m.m.a.RequestMappingHandlerMapping : Mapped to com.talant.bootcamp.booksservice.controller.BookController#createBook(BookRequest)
2025-07-18T08:05:18.994+02:00 DEBUG 31175 --- [demoservice] [           main] m.m.a.RequestResponseBodyMethodProcessor : Read "application/json;charset=UTF-8" to [BookRequest{title='null', author='null', isbn='null', description='null', price=null, stock=null, ca (truncated)...]
2025-07-18T08:05:18.995+02:00 DEBUG 31175 --- [demoservice] [           main] .m.m.a.ExceptionHandlerExceptionResolver : Using @ExceptionHandler com.talant.bootcamp.booksservice.exception.GlobalExceptionHandler#handleValidationExceptions(MethodArgumentNotValidException)
2025-07-18T08:05:18.995+02:00 DEBUG 31175 --- [demoservice] [           main] o.s.w.s.m.m.a.HttpEntityMethodProcessor  : Using 'application/json', given [*/*] and supported [application/json, application/*+json]
2025-07-18T08:05:18.995+02:00 DEBUG 31175 --- [demoservice] [           main] o.s.w.s.m.m.a.HttpEntityMethodProcessor  : Writing [com.talant.bootcamp.booksservice.exception.GlobalExceptionHandler$ErrorResponse@5a5b55e5]
2025-07-18T08:05:18.997+02:00 DEBUG 31175 --- [demoservice] [           main] .m.m.a.ExceptionHandlerExceptionResolver : Resolved [org.springframework.web.bind.MethodArgumentNotValidException: Validation failed for argument [0] in public org.springframework.http.ResponseEntity<com.talant.bootcamp.booksservice.dto.BookResponse> com.talant.bootcamp.booksservice.controller.BookController.createBook(com.talant.bootcamp.booksservice.dto.BookRequest) with 6 errors: [Field error in object 'bookRequest' on field 'isbn': rejected value [null]; codes [NotBlank.bookRequest.isbn,NotBlank.isbn,NotBlank.java.lang.String,NotBlank]; arguments [org.springframework.context.support.DefaultMessageSourceResolvable: codes [bookRequest.isbn,isbn]; arguments []; default message [isbn]]; default message [ISBN is required]] [Field error in object 'bookRequest' on field 'author': rejected value [null]; codes [NotBlank.bookRequest.author,NotBlank.author,NotBlank.java.lang.String,NotBlank]; arguments [org.springframework.context.support.DefaultMessageSourceResolvable: codes [bookRequest.author,author]; arguments []; default message [author]]; default message [Author is required]] [Field error in object 'bookRequest' on field 'category': rejected value [null]; codes [NotNull.bookRequest.category,NotNull.category,NotNull.com.talant.bootcamp.booksservice.model.BookCategory,NotNull]; arguments [org.springframework.context.support.DefaultMessageSourceResolvable: codes [bookRequest.category,category]; arguments []; default message [category]]; default message [Category is required]] [Field error in object 'bookRequest' on field 'stock': rejected value [null]; codes [NotNull.bookRequest.stock,NotNull.stock,NotNull.java.lang.Integer,NotNull]; arguments [org.springframework.context.support.DefaultMessageSourceResolvable: codes [bookRequest.stock,stock]; arguments []; default message [stock]]; default message [Stock is required]] [Field error in object 'bookRequest' on field 'price': rejected value [null]; codes [NotNull.bookRequest.price,NotNull.price,NotNull.java.math.BigDecimal,NotNull]; arguments [org.springframework.context.support.DefaultMessageSourceResolvable: codes [bookRequest.price,price]; arguments []; default message [price]]; default message [Price is required]] [Field error in object 'bookRequest' on field 'title': rejected value [null]; codes [NotBlank.bookRequest.title,NotBlank.title,NotBlank.java.lang.String,NotBlank]; arguments [org.springframework.context.support.DefaultMessageSourceResolvable: codes [bookRequest.title,title]; arguments []; default message [title]]; default message [Title is required]] ]
]]></system-out>
  </testcase>
</testsuite>